# JRE version: OpenJDK Runtime Environment (8.0_151-b12) (build 1.8.0_151-8u151-b12-0ubuntu0.16.04.2-b12)
# Java VM: OpenJDK 64-Bit Server VM (25.151-b12 mixed mode linux-amd64 compressed oops)
Heap:
 garbage-first heap   total 269312K, used 186026K [0x00000000c0000000, 0x00000000c0100838, 0x0000000100000000)
  region size 1024K, 91 young (93184K), 8 survivors (8192K)
 Metaspace       used 120067K, capacity 131384K, committed 131524K, reserved 1163264K
  class space    used 13837K, capacity 16992K, committed 17092K, reserved 1048576K
GC Heap History (10 events):
Event: 1233,530 GC heap before
{Heap before GC invocations=40 (full 0):
 garbage-first heap   total 269312K, used 227885K [0x00000000c0000000, 0x00000000c0100838, 0x0000000100000000)
  region size 1024K, 135 young (138240K), 12 survivors (12288K)
 Metaspace       used 118042K, capacity 129182K, committed 129476K, reserved 1161216K
  class space    used 13651K, capacity 16770K, committed 16836K, reserved 1048576K
Event: 1233,563 GC heap after
Heap after GC invocations=41 (full 0):
 garbage-first heap   total 269312K, used 100938K [0x00000000c0000000, 0x00000000c0100838, 0x0000000100000000)
  region size 1024K, 10 young (10240K), 10 survivors (10240K)
 Metaspace       used 118042K, capacity 129182K, committed 129476K, reserved 1161216K
  class space    used 13651K, capacity 16770K, committed 16836K, reserved 1048576K
}
Event: 1298,286 GC heap before
{Heap before GC invocations=41 (full 0):
 garbage-first heap   total 269312K, used 229962K [0x00000000c0000000, 0x00000000c0100838, 0x0000000100000000)
  region size 1024K, 136 young (139264K), 10 survivors (10240K)
 Metaspace       used 118199K, capacity 129508K, committed 129732K, reserved 1163264K
  class space    used 13652K, capacity 16771K, committed 16836K, reserved 1048576K
Event: 1298,322 GC heap after
Heap after GC invocations=42 (full 0):
 garbage-first heap   total 269312K, used 102986K [0x00000000c0000000, 0x00000000c0100838, 0x0000000100000000)
  region size 1024K, 12 young (12288K), 12 survivors (12288K)
 Metaspace       used 118199K, capacity 129508K, committed 129732K, reserved 1163264K
  class space    used 13652K, capacity 16771K, committed 16836K, reserved 1048576K
}
Event: 1326,813 GC heap before
{Heap before GC invocations=42 (full 0):
 garbage-first heap   total 269312K, used 227914K [0x00000000c0000000, 0x00000000c0100838, 0x0000000100000000)
  region size 1024K, 134 young (137216K), 12 survivors (12288K)
 Metaspace       used 118936K, capacity 130254K, committed 130372K, reserved 1163264K
  class space    used 13731K, capacity 16906K, committed 16964K, reserved 1048576K
Event: 1326,838 GC heap after
Heap after GC invocations=43 (full 0):
 garbage-first heap   total 269312K, used 102570K [0x00000000c0000000, 0x00000000c0100838, 0x0000000100000000)
  region size 1024K, 9 young (9216K), 9 survivors (9216K)
 Metaspace       used 118936K, capacity 130254K, committed 130372K, reserved 1163264K
  class space    used 13731K, capacity 16906K, committed 16964K, reserved 1048576K
}
Event: 1454,938 GC heap before
{Heap before GC invocations=43 (full 0):
 garbage-first heap   total 269312K, used 230570K [0x00000000c0000000, 0x00000000c0100838, 0x0000000100000000)
  region size 1024K, 134 young (137216K), 9 survivors (9216K)
 Metaspace       used 119034K, capacity 130382K, committed 130628K, reserved 1163264K
  class space    used 13731K, capacity 16906K, committed 16964K, reserved 1048576K
Event: 1454,960 GC heap after
Heap after GC invocations=44 (full 0):
 garbage-first heap   total 269312K, used 102058K [0x00000000c0000000, 0x00000000c0100838, 0x0000000100000000)
  region size 1024K, 8 young (8192K), 8 survivors (8192K)
 Metaspace       used 119034K, capacity 130382K, committed 130628K, reserved 1163264K
  class space    used 13731K, capacity 16906K, committed 16964K, reserved 1048576K
}
Event: 1508,429 GC heap before
{Heap before GC invocations=44 (full 0):
 garbage-first heap   total 269312K, used 232106K [0x00000000c0000000, 0x00000000c0100838, 0x0000000100000000)
  region size 1024K, 135 young (138240K), 8 survivors (8192K)
 Metaspace       used 119197K, capacity 130450K, committed 130628K, reserved 1163264K
  class space    used 13732K, capacity 16906K, committed 16964K, reserved 1048576K
Event: 1508,442 GC heap after
Heap after GC invocations=45 (full 0):
 garbage-first heap   total 269312K, used 102058K [0x00000000c0000000, 0x00000000c0100838, 0x0000000100000000)
  region size 1024K, 8 young (8192K), 8 survivors (8192K)
 Metaspace       used 119197K, capacity 130450K, committed 130628K, reserved 1163264K
  class space    used 13732K, capacity 16906K, committed 16964K, reserved 1048576K
}

