# JRE version: OpenJDK Runtime Environment (8.0_151-b12) (build 1.8.0_151-8u151-b12-0ubuntu0.16.04.2-b12)
# Java VM: OpenJDK 64-Bit Server VM (25.151-b12 mixed mode linux-amd64 compressed oops)
Heap:
 garbage-first heap   total 262144K, used 144786K [0x00000000c0000000, 0x00000000c0100800, 0x0000000100000000)
  region size 1024K, 65 young (66560K), 9 survivors (9216K)
 Metaspace       used 110557K, capacity 120936K, committed 121288K, reserved 1155072K
  class space    used 12983K, capacity 15823K, committed 15868K, reserved 1048576K
GC Heap History (10 events):
Event: 343,906 GC heap before
{Heap before GC invocations=24 (full 0):
 garbage-first heap   total 262144K, used 225177K [0x00000000c0000000, 0x00000000c0100800, 0x0000000100000000)
  region size 1024K, 148 young (151552K), 9 survivors (9216K)
 Metaspace       used 108475K, capacity 118602K, committed 118984K, reserved 1153024K
  class space    used 12805K, capacity 15601K, committed 15612K, reserved 1048576K
Event: 343,930 GC heap after
Heap after GC invocations=25 (full 0):
 garbage-first heap   total 262144K, used 85913K [0x00000000c0000000, 0x00000000c0100800, 0x0000000100000000)
  region size 1024K, 12 young (12288K), 12 survivors (12288K)
 Metaspace       used 108475K, capacity 118602K, committed 118984K, reserved 1153024K
  class space    used 12805K, capacity 15601K, committed 15612K, reserved 1048576K
}
Event: 361,278 GC heap before
{Heap before GC invocations=25 (full 0):
 garbage-first heap   total 262144K, used 222105K [0x00000000c0000000, 0x00000000c0100800, 0x0000000100000000)
  region size 1024K, 145 young (148480K), 12 survivors (12288K)
 Metaspace       used 108744K, capacity 118800K, committed 118984K, reserved 1153024K
  class space    used 12815K, capacity 15602K, committed 15612K, reserved 1048576K
Event: 361,307 GC heap after
Heap after GC invocations=26 (full 0):
 garbage-first heap   total 262144K, used 87917K [0x00000000c0000000, 0x00000000c0100800, 0x0000000100000000)
  region size 1024K, 14 young (14336K), 14 survivors (14336K)
 Metaspace       used 108744K, capacity 118800K, committed 118984K, reserved 1153024K
  class space    used 12815K, capacity 15602K, committed 15612K, reserved 1048576K
}
Event: 412,844 GC heap before
{Heap before GC invocations=26 (full 0):
 garbage-first heap   total 262144K, used 218989K [0x00000000c0000000, 0x00000000c0100800, 0x0000000100000000)
  region size 1024K, 142 young (145408K), 14 survivors (14336K)
 Metaspace       used 108985K, capacity 119056K, committed 119240K, reserved 1153024K
  class space    used 12816K, capacity 15602K, committed 15612K, reserved 1048576K
Event: 412,864 GC heap after
Heap after GC invocations=27 (full 0):
 garbage-first heap   total 262144K, used 87447K [0x00000000c0000000, 0x00000000c0100800, 0x0000000100000000)
  region size 1024K, 11 young (11264K), 11 survivors (11264K)
 Metaspace       used 108985K, capacity 119056K, committed 119240K, reserved 1153024K
  class space    used 12816K, capacity 15602K, committed 15612K, reserved 1048576K
}
Event: 443,524 GC heap before
{Heap before GC invocations=27 (full 0):
 garbage-first heap   total 262144K, used 222615K [0x00000000c0000000, 0x00000000c0100800, 0x0000000100000000)
  region size 1024K, 143 young (146432K), 11 survivors (11264K)
 Metaspace       used 109642K, capacity 119756K, committed 120136K, reserved 1153024K
  class space    used 12880K, capacity 15702K, committed 15740K, reserved 1048576K
Event: 443,554 GC heap after
Heap after GC invocations=28 (full 0):
 garbage-first heap   total 262144K, used 90514K [0x00000000c0000000, 0x00000000c0100800, 0x0000000100000000)
  region size 1024K, 11 young (11264K), 11 survivors (11264K)
 Metaspace       used 109642K, capacity 119756K, committed 120136K, reserved 1153024K
  class space    used 12880K, capacity 15702K, committed 15740K, reserved 1048576K
}
Event: 494,222 GC heap before
{Heap before GC invocations=28 (full 0):
 garbage-first heap   total 262144K, used 222610K [0x00000000c0000000, 0x00000000c0100800, 0x0000000100000000)
  region size 1024K, 140 young (143360K), 11 survivors (11264K)
 Metaspace       used 109725K, capacity 119960K, committed 120136K, reserved 1153024K
  class space    used 12881K, capacity 15704K, committed 15740K, reserved 1048576K
Event: 494,257 GC heap after
Heap after GC invocations=29 (full 0):
 garbage-first heap   total 262144K, used 88466K [0x00000000c0000000, 0x00000000c0100800, 0x0000000100000000)
  region size 1024K, 9 young (9216K), 9 survivors (9216K)
 Metaspace       used 109725K, capacity 119960K, committed 120136K, reserved 1153024K
  class space    used 12881K, capacity 15704K, committed 15740K, reserved 1048576K
}

